<?xml version="1.0" encoding="UTF-8" ?>
<testsuite tests="14" failures="0" name="opcionesCucumber.Ejecutor" time="1.587" errors="0" skipped="0">
  <properties>
    <property name="java.runtime.name" value="Java(TM) SE Runtime Environment"/>
    <property name="sun.boot.library.path" value="C:\Program Files\Java\jdk1.8.0_121\jre\bin"/>
    <property name="java.vm.version" value="25.121-b13"/>
    <property name="java.vm.vendor" value="Oracle Corporation"/>
    <property name="maven.multiModuleProjectDirectory" value="C:\Users\fsaldarriaga\Desktop\Escritorio\Automatización\Repositorio Git Personal\Innova\planes"/>
    <property name="java.vendor.url" value="http://java.oracle.com/"/>
    <property name="path.separator" value=";"/>
    <property name="guice.disable.misplaced.annotation.check" value="true"/>
    <property name="java.vm.name" value="Java HotSpot(TM) 64-Bit Server VM"/>
    <property name="file.encoding.pkg" value="sun.io"/>
    <property name="user.script" value=""/>
    <property name="user.country" value="CO"/>
    <property name="sun.java.launcher" value="SUN_STANDARD"/>
    <property name="sun.os.patch.level" value=""/>
    <property name="java.vm.specification.name" value="Java Virtual Machine Specification"/>
    <property name="user.dir" value="C:\Users\fsaldarriaga\Desktop\Escritorio\Automatización\Repositorio Git Personal\Innova\planes"/>
    <property name="java.runtime.version" value="1.8.0_121-b13"/>
    <property name="java.awt.graphicsenv" value="sun.awt.Win32GraphicsEnvironment"/>
    <property name="java.endorsed.dirs" value="C:\Program Files\Java\jdk1.8.0_121\jre\lib\endorsed"/>
    <property name="os.arch" value="amd64"/>
    <property name="java.io.tmpdir" value="C:\Users\FSALDA~1\AppData\Local\Temp\"/>
    <property name="line.separator" value="
"/>
    <property name="java.vm.specification.vendor" value="Oracle Corporation"/>
    <property name="user.variant" value=""/>
    <property name="os.name" value="Windows 10"/>
    <property name="classworlds.conf" value="C:\Program Files\apache-maven-3.5.2\bin\..\bin\m2.conf"/>
    <property name="sun.jnu.encoding" value="Cp1252"/>
    <property name="java.library.path" value="C:\Program Files\Java\jdk1.8.0_121\bin;C:\Windows\Sun\Java\bin;C:\Windows\system32;C:\Windows;C:\ProgramData\Oracle\Java\javapath;C:\Program Files (x86)\Intel\iCLS Client\;C:\Program Files\Intel\iCLS Client\;C:\Windows\system32;C:\Windows;C:\Windows\System32\Wbem;C:\Windows\System32\WindowsPowerShell\v1.0\;C:\Program Files (x86)\Intel\Intel(R) Management Engine Components\DAL;C:\Program Files\Intel\Intel(R) Management Engine Components\DAL;C:\Program Files (x86)\Intel\Intel(R) Management Engine Components\IPT;C:\Program Files\Intel\Intel(R) Management Engine Components\IPT;C:\Program Files (x86)\NVIDIA Corporation\PhysX\Common;C:\Program Files\Intel\WiFi\bin\;C:\Program Files\Common Files\Intel\WirelessCommon\;C:\Program Files\apache-maven-3.5.2\bin;C:\Program Files\Git\cmd;C:\Program Files\nodejs\;C:\Users\fsaldarriaga\AppData\Roaming\npm;."/>
    <property name="maven.conf" value="C:\Program Files\apache-maven-3.5.2\bin\../conf"/>
    <property name="java.specification.name" value="Java Platform API Specification"/>
    <property name="java.class.version" value="52.0"/>
    <property name="sun.management.compiler" value="HotSpot 64-Bit Tiered Compilers"/>
    <property name="os.version" value="10.0"/>
    <property name="library.jansi.path" value="C:\Program Files\apache-maven-3.5.2\bin\..\lib\jansi-native"/>
    <property name="user.home" value="C:\Users\fsaldarriaga"/>
    <property name="user.timezone" value="America/Bogota"/>
    <property name="java.awt.printerjob" value="sun.awt.windows.WPrinterJob"/>
    <property name="java.specification.version" value="1.8"/>
    <property name="file.encoding" value="Cp1252"/>
    <property name="user.name" value="Fsaldarriaga"/>
    <property name="java.class.path" value="C:\Program Files\apache-maven-3.5.2\bin\..\boot\plexus-classworlds-2.5.2.jar"/>
    <property name="java.vm.specification.version" value="1.8"/>
    <property name="sun.arch.data.model" value="64"/>
    <property name="java.home" value="C:\Program Files\Java\jdk1.8.0_121\jre"/>
    <property name="sun.java.command" value="org.codehaus.plexus.classworlds.launcher.Launcher clean compile verify"/>
    <property name="java.specification.vendor" value="Oracle Corporation"/>
    <property name="user.language" value="es"/>
    <property name="awt.toolkit" value="sun.awt.windows.WToolkit"/>
    <property name="java.vm.info" value="mixed mode"/>
    <property name="java.version" value="1.8.0_121"/>
    <property name="java.ext.dirs" value="C:\Program Files\Java\jdk1.8.0_121\jre\lib\ext;C:\Windows\Sun\Java\lib\ext"/>
    <property name="sun.boot.class.path" value="C:\Program Files\Java\jdk1.8.0_121\jre\lib\resources.jar;C:\Program Files\Java\jdk1.8.0_121\jre\lib\rt.jar;C:\Program Files\Java\jdk1.8.0_121\jre\lib\sunrsasign.jar;C:\Program Files\Java\jdk1.8.0_121\jre\lib\jsse.jar;C:\Program Files\Java\jdk1.8.0_121\jre\lib\jce.jar;C:\Program Files\Java\jdk1.8.0_121\jre\lib\charsets.jar;C:\Program Files\Java\jdk1.8.0_121\jre\lib\jfr.jar;C:\Program Files\Java\jdk1.8.0_121\jre\classes"/>
    <property name="sun.stderr.encoding" value="cp850"/>
    <property name="java.vendor" value="Oracle Corporation"/>
    <property name="maven.home" value="C:\Program Files\apache-maven-3.5.2\bin\.."/>
    <property name="file.separator" value="\"/>
    <property name="java.vendor.url.bug" value="http://bugreport.sun.com/bugreport/"/>
    <property name="sun.cpu.endian" value="little"/>
    <property name="sun.io.unicode.encoding" value="UnicodeLittle"/>
    <property name="sun.stdout.encoding" value="cp850"/>
    <property name="sun.desktop" value="windows"/>
    <property name="sun.cpu.isalist" value="amd64"/>
  </properties>
  <testcase classname="Escenario: el usuario gerente senior de producto aprueba la propuesta para ser presentada a la Gerencia de Negocios" name="Dado que el usuario de producto notifica una propuesta local de Salud al área técnica" time="0.008"/>
  <testcase classname="Escenario: el usuario gerente senior de producto aprueba la propuesta para ser presentada a la Gerencia de Negocios" name="Y que el usuario gerente técnico local ha evaluado la propuesta para ser pre-aprobada por el área de productos" time="0.001"/>
  <testcase classname="Escenario: el usuario gerente senior de producto aprueba la propuesta para ser presentada a la Gerencia de Negocios" name="Y que he iniciado sesión con el rol gerente senior de producto" time="0"/>
  <testcase classname="Escenario: el usuario gerente senior de producto aprueba la propuesta para ser presentada a la Gerencia de Negocios" name="Y he ingresado al módulo de Planes" time="0"/>
  <testcase classname="Escenario: el usuario gerente senior de producto aprueba la propuesta para ser presentada a la Gerencia de Negocios" name="Y he consultado la propuesta notificada por el área técnica" time="0"/>
  <testcase classname="Escenario: el usuario gerente senior de producto aprueba la propuesta para ser presentada a la Gerencia de Negocios" name="Y he seleccionado un análisis técnico como definitivo" time="0"/>
  <testcase classname="Escenario: el usuario gerente senior de producto aprueba la propuesta para ser presentada a la Gerencia de Negocios" name="Y debería visualizar una notificación solicitando la confirmación de la selección del ánalisis técnico definitivo" time="0"/>
  <testcase classname="Escenario: el usuario gerente senior de producto aprueba la propuesta para ser presentada a la Gerencia de Negocios" name="Y debería visualizar una notificación indicando la selección del análisis técnico definitivo" time="0"/>
  <testcase classname="Escenario: el usuario gerente senior de producto aprueba la propuesta para ser presentada a la Gerencia de Negocios" name="Cuando he aprobado la propuesta" time="0"/>
  <testcase classname="Escenario: el usuario gerente senior de producto aprueba la propuesta para ser presentada a la Gerencia de Negocios" name="Entonces debería visualizar una notificación indicando que la propuesta ha sido pre-aprobada" time="0"/>
  <testcase classname="Escenario: el usuario gerente senior de producto aprueba la propuesta para ser presentada a la Gerencia de Negocios" name="Y no debería poder modificar la propuesta" time="0.001"/>
  <testcase classname="Escenario: el usuario gerente senior de producto aprueba la propuesta para ser presentada a la Gerencia de Negocios" name="Y no debería poder modificar el cuadro de beneficios" time="0"/>
  <testcase classname="Escenario: el usuario gerente senior de producto aprueba la propuesta para ser presentada a la Gerencia de Negocios" name="Y no debería poder modificar la información de primas" time="0"/>
  <testcase classname="Escenario: el usuario gerente senior de producto aprueba la propuesta para ser presentada a la Gerencia de Negocios" name="Escenario: el usuario gerente senior de producto aprueba la propuesta para ser presentada a la Gerencia de Negocios" time="1.577"/>
</testsuite>